<?xml version="1.0" encoding="UTF-8"?>
<testng-results skipped="0" failed="0" ignored="0" total="2" passed="2">
  <reporter-output>
  </reporter-output>
  <suite name="Default suite" duration-ms="34661" started-at="2018-01-10T14:13:48Z" finished-at="2018-01-10T14:14:23Z">
    <groups>
    </groups>
    <test name="Default test" duration-ms="34661" started-at="2018-01-10T14:13:48Z" finished-at="2018-01-10T14:14:23Z">
      <class name="Sample.DeviceTest.DeviceTest">
        <test-method status="PASS" signature="initialize()[pri:0, instance:Sample.DeviceTest.DeviceTest@6a41eaa2]" name="initialize" is-config="true" duration-ms="13541" started-at="2018-01-10T19:43:48Z" finished-at="2018-01-10T19:44:02Z">
          <reporter-output>
          </reporter-output>
        </test-method> <!-- initialize -->
        <test-method status="PASS" signature="skipLoginIfDisplayed()[pri:0, instance:Sample.DeviceTest.DeviceTest@6a41eaa2]" name="skipLoginIfDisplayed" duration-ms="1928" started-at="2018-01-10T19:44:02Z" finished-at="2018-01-10T19:44:04Z">
          <reporter-output>
          </reporter-output>
        </test-method> <!-- skipLoginIfDisplayed -->
        <test-method status="PASS" signature="searchProduct()[pri:0, instance:Sample.DeviceTest.DeviceTest@6a41eaa2]" name="searchProduct" duration-ms="17106" started-at="2018-01-10T19:44:04Z" depends-on-methods="Sample.DeviceTest.DeviceTest.skipLoginIfDisplayed" finished-at="2018-01-10T19:44:21Z">
          <reporter-output>
          </reporter-output>
        </test-method> <!-- searchProduct -->
        <test-method status="PASS" signature="tearDown()[pri:0, instance:Sample.DeviceTest.DeviceTest@6a41eaa2]" name="tearDown" is-config="true" duration-ms="2053" started-at="2018-01-10T19:44:21Z" finished-at="2018-01-10T19:44:23Z">
          <reporter-output>
          </reporter-output>
        </test-method> <!-- tearDown -->
      </class> <!-- Sample.DeviceTest.DeviceTest -->
    </test> <!-- Default test -->
  </suite> <!-- Default suite -->
</testng-results>
